\BOOKMARK [1][-]{section.1}{Introduction}{}% 1
\BOOKMARK [1][-]{section.2}{Global Variable Documentation}{}% 2
\BOOKMARK [1][-]{section.3}{Kernel API}{}% 3
\BOOKMARK [2][-]{subsection.3.1}{Memory Management}{section.3}% 4
\BOOKMARK [3][-]{subsubsection.3.1.1}{Request Memory}{subsection.3.1}% 5
\BOOKMARK [3][-]{subsubsection.3.1.2}{Release Memory}{subsection.3.1}% 6
\BOOKMARK [2][-]{subsection.3.2}{Process Management}{section.3}% 7
\BOOKMARK [3][-]{subsubsection.3.2.1}{Release Processor}{subsection.3.2}% 8
\BOOKMARK [3][-]{subsubsection.3.2.2}{Set Process Priority}{subsection.3.2}% 9
\BOOKMARK [3][-]{subsubsection.3.2.3}{Get Process Priority}{subsection.3.2}% 10
\BOOKMARK [2][-]{subsection.3.3}{Interprocess Communication}{section.3}% 11
\BOOKMARK [3][-]{subsubsection.3.3.1}{Send Message}{subsection.3.3}% 12
\BOOKMARK [3][-]{subsubsection.3.3.2}{Receive Message}{subsection.3.3}% 13
\BOOKMARK [3][-]{subsubsection.3.3.3}{Delay Send Message}{subsection.3.3}% 14
\BOOKMARK [1][-]{section.4}{Interrupts and their Handlers/Processes}{}% 15
\BOOKMARK [2][-]{subsection.4.1}{Timer I-Process}{section.4}% 16
\BOOKMARK [2][-]{subsection.4.2}{UART I-Process}{section.4}% 17
\BOOKMARK [3][-]{subsubsection.4.2.1}{Debugging Hotkeys}{subsection.4.2}% 18
\BOOKMARK [1][-]{section.5}{System and User Processes}{}% 19
\BOOKMARK [2][-]{subsection.5.1}{System Processes}{section.5}% 20
\BOOKMARK [3][-]{subsubsection.5.1.1}{Null Process}{subsection.5.1}% 21
\BOOKMARK [3][-]{subsubsection.5.1.2}{KCD Process}{subsection.5.1}% 22
\BOOKMARK [3][-]{subsubsection.5.1.3}{Clock Process}{subsection.5.1}% 23
\BOOKMARK [3][-]{subsubsection.5.1.4}{CRT Process}{subsection.5.1}% 24
\BOOKMARK [3][-]{subsubsection.5.1.5}{Set Priority Process}{subsection.5.1}% 25
\BOOKMARK [2][-]{subsection.5.2}{User Processes}{section.5}% 26
\BOOKMARK [3][-]{subsubsection.5.2.1}{User Test Process}{subsection.5.2}% 27
\BOOKMARK [3][-]{subsubsection.5.2.2}{Stress Test Process}{subsection.5.2}% 28
\BOOKMARK [1][-]{section.6}{Initialization}{}% 29
\BOOKMARK [1][-]{section.7}{Testing}{}% 30
\BOOKMARK [2][-]{subsection.7.1}{Debugging}{section.7}% 31
\BOOKMARK [2][-]{subsection.7.2}{Timing Analysis}{section.7}% 32
\BOOKMARK [3][-]{subsubsection.7.2.1}{send message}{subsection.7.2}% 33
\BOOKMARK [3][-]{subsubsection.7.2.2}{receive message}{subsection.7.2}% 34
\BOOKMARK [3][-]{subsubsection.7.2.3}{request memory block}{subsection.7.2}% 35
\BOOKMARK [1][-]{section.8}{Major Design Changes}{}% 36
\BOOKMARK [1][-]{section.9}{Lessons learned}{}% 37
